<?xml version="1.0" encoding="UTF-8"?>
<!-- Generated by org.testng.reporters.JUnitXMLReporter -->
<testsuite ignored="0" hostname="IN-BRM9WP3" failures="0" tests="2" name="HelpPageTest" time="19.289" errors="0" timestamp="2024-06-14T12:56:12 IST">
  <testcase classname="com.flipkart.tests.HelpPageTest" name="testHelpPageFeedbackYesBtnFunctionality" time="3.401"/>
  <testcase classname="com.flipkart.tests.HelpPageTest" name="testHelpPageFeedbackNoBtnFunctionality" time="3.91"/>
</testsuite> <!-- HelpPageTest -->
