<?xml version="1.0" encoding="UTF-8"?>
<!-- Generated by org.testng.reporters.JUnitXMLReporter -->
<testsuite ignored="0" hostname="IN-BRM9WP3" failures="0" tests="4" name="SellerTest" time="34.94" errors="0" timestamp="2024-06-14T12:57:40 IST">
  <testcase classname="com.flipkart.tests.SellerTest" name="testSellerBtnPresence" time="0.196"/>
  <testcase classname="com.flipkart.tests.SellerTest" name="testSellerLoginFunctionality" time="4.075"/>
  <testcase classname="com.flipkart.tests.SellerTest" name="testSellerResetPasswordFunctionality" time="4.435"/>
  <testcase classname="com.flipkart.tests.SellerTest" name="testStartSellingBtnPresence" time="3.192"/>
</testsuite> <!-- SellerTest -->
