<?xml version="1.0" encoding="UTF-8"?>
<!-- Generated by org.testng.reporters.JUnitXMLReporter -->
<testsuite ignored="4" hostname="IN-BRM9WP3" failures="0" tests="1" name="Default test" time="17.458" errors="0" timestamp="2024-06-14T15:37:13 IST">
  <testcase classname="com.flipkart.tests.GroceryTest" name="testGroceryAddItems" time="6.978"/>
  <testcase classname="com.flipkart.tests.GroceryTest" name="testGroceryRemoveItems" time="0.0">
    <ignored/>
  </testcase> <!-- testGroceryRemoveItems -->
  <testcase classname="com.flipkart.tests.GroceryTest" name="testGrocerySearchBarFunctionality" time="0.0">
    <ignored/>
  </testcase> <!-- testGrocerySearchBarFunctionality -->
  <testcase classname="com.flipkart.tests.GroceryTest" name="testGroceryInValidPincode" time="0.0">
    <ignored/>
  </testcase> <!-- testGroceryInValidPincode -->
  <testcase classname="com.flipkart.tests.GroceryTest" name="testGroceryValidPincode" time="0.0">
    <ignored/>
  </testcase> <!-- testGroceryValidPincode -->
</testsuite> <!-- Default test -->
